<?xml version="1.0" encoding="UTF-8"?>
<testsuite name="RationalTest" tests="7" skipped="0" failures="0" errors="0" timestamp="2021-09-07T09:55:28" hostname="LAPTOP-0GSIVVDA" time="0.01">
  <properties/>
  <testcase name="testAdd" classname="RationalTest" time="0.003"/>
  <testcase name="testDiv" classname="RationalTest" time="0.0"/>
  <testcase name="testMul" classname="RationalTest" time="0.0"/>
  <testcase name="testSub" classname="RationalTest" time="0.0"/>
  <testcase name="testToString" classname="RationalTest" time="0.006"/>
  <testcase name="testCompare" classname="RationalTest" time="0.0"/>
  <testcase name="testEquals" classname="RationalTest" time="0.0"/>
  <system-out><![CDATA[]]></system-out>
  <system-err><![CDATA[]]></system-err>
</testsuite>
